{"uuid":"61da67fb-ba88-48c9-a2db-2d39fe80bbaf","historyId":"549fb47928a204b72778d1a3c786cdd6","fullName":"org.example.test.pageobjectmodelTest.vwo_Test.tetscase_login_negative","labels":[{"name":"package","value":"org.example.test.pageobjectmodelTest.vwo_Test"},{"name":"testClass","value":"org.example.test.pageobjectmodelTest.vwo_Test"},{"name":"testMethod","value":"tetscase_login_negative"},{"name":"parentSuite","value":"Default Suite"},{"name":"suite","value":"seleniumhclFramework"},{"name":"subSuite","value":"org.example.test.pageobjectmodelTest.vwo_Test"},{"name":"host","value":"LAPTOP-DPHBU0OA"},{"name":"thread","value":"22580@LAPTOP-DPHBU0OA.main(1)"},{"name":"framework","value":"testng"},{"name":"language","value":"java"}],"links":[],"name":"tetscase_login_negative","status":"skipped","statusDetails":{"known":false,"muted":false,"flaky":false,"message":"java.io.FileNotFoundException: C:\\Users\\USER\\IdeaProjects\\seleniumhclFramework\\src\\main\\resources\\data.properties (The system cannot find the file specified)","trace":"java.lang.RuntimeException: java.io.FileNotFoundException: C:\\Users\\USER\\IdeaProjects\\seleniumhclFramework\\src\\main\\resources\\data.properties (The system cannot find the file specified)\r\n\tat org.example.Utils.PropertiesReader.readKey(PropertiesReader.java:17)\r\n\tat org.example.driver.DriverManger.init(DriverManger.java:26)\r\n\tat org.example.test.pageobjectmodelTest.vwo_Test.setup(vwo_Test.java:20)\r\n\tat java.base/jdk.internal.reflect.DirectMethodHandleAccessor.invoke(DirectMethodHandleAccessor.java:103)\r\n\tat java.base/java.lang.reflect.Method.invoke(Method.java:580)\r\n\tat org.testng.internal.invokers.MethodInvocationHelper.invokeMethod(MethodInvocationHelper.java:141)\r\n\tat org.testng.internal.invokers.MethodInvocationHelper.invokeMethodConsideringTimeout(MethodInvocationHelper.java:71)\r\n\tat org.testng.internal.invokers.ConfigInvoker.invokeConfigurationMethod(ConfigInvoker.java:400)\r\n\tat org.testng.internal.invokers.ConfigInvoker.invokeConfigurations(ConfigInvoker.java:333)\r\n\tat org.testng.internal.invokers.TestInvoker.runConfigMethods(TestInvoker.java:836)\r\n\tat org.testng.internal.invokers.TestInvoker.invokeMethod(TestInvoker.java:601)\r\n\tat org.testng.internal.invokers.TestInvoker.invokeTestMethod(TestInvoker.java:230)\r\n\tat org.testng.internal.invokers.MethodRunner.runInSequence(MethodRunner.java:63)\r\n\tat org.testng.internal.invokers.TestInvoker$MethodInvocationAgent.invoke(TestInvoker.java:995)\r\n\tat org.testng.internal.invokers.TestInvoker.invokeTestMethods(TestInvoker.java:203)\r\n\tat org.testng.internal.invokers.TestMethodWorker.invokeTestMethods(TestMethodWorker.java:154)\r\n\tat org.testng.internal.invokers.TestMethodWorker.run(TestMethodWorker.java:134)\r\n\tat java.base/java.util.ArrayList.forEach(ArrayList.java:1597)\r\n\tat org.testng.TestRunner.privateRun(TestRunner.java:741)\r\n\tat org.testng.TestRunner.run(TestRunner.java:616)\r\n\tat org.testng.SuiteRunner.runTest(SuiteRunner.java:421)\r\n\tat org.testng.SuiteRunner.runSequentially(SuiteRunner.java:413)\r\n\tat org.testng.SuiteRunner.privateRun(SuiteRunner.java:373)\r\n\tat org.testng.SuiteRunner.run(SuiteRunner.java:312)\r\n\tat org.testng.SuiteRunnerWorker.runSuite(SuiteRunnerWorker.java:52)\r\n\tat org.testng.SuiteRunnerWorker.run(SuiteRunnerWorker.java:95)\r\n\tat org.testng.TestNG.runSuitesSequentially(TestNG.java:1274)\r\n\tat org.testng.TestNG.runSuitesLocally(TestNG.java:1208)\r\n\tat org.testng.TestNG.runSuites(TestNG.java:1112)\r\n\tat org.testng.TestNG.run(TestNG.java:1079)\r\n\tat com.intellij.rt.testng.IDEARemoteTestNG.run(IDEARemoteTestNG.java:65)\r\n\tat com.intellij.rt.testng.RemoteTestNGStarter.main(RemoteTestNGStarter.java:105)\r\nCaused by: java.io.FileNotFoundException: C:\\Users\\USER\\IdeaProjects\\seleniumhclFramework\\src\\main\\resources\\data.properties (The system cannot find the file specified)\r\n\tat java.base/java.io.FileInputStream.open0(Native Method)\r\n\tat java.base/java.io.FileInputStream.open(FileInputStream.java:219)\r\n\tat java.base/java.io.FileInputStream.<init>(FileInputStream.java:159)\r\n\tat java.base/java.io.FileInputStream.<init>(FileInputStream.java:112)\r\n\tat org.example.Utils.PropertiesReader.readKey(PropertiesReader.java:14)\r\n\t... 31 more\r\n"},"stage":"finished","description":"Verify with valid emial,password","steps":[],"attachments":[],"parameters":[],"start":1766692702538,"stop":1766692702541}